====================================
Types potentially sent from browser:
====================================

Reachable types computed on: Thu Jul 12 20:01:09 FET 2012
E
   Serialization status
      Not serializable
   Path
      'E' is reachable from field 'exposeElement' of type 'java.util.ArrayList<E>'
      'java.util.ArrayList<java.lang.Long>' is reachable as a subtype of type 'class java.util.ArrayList<java.lang.Long>'
      Started from 'java.util.ArrayList<java.lang.Long>'

boolean
   Serialization status
      Not serializable
   Path
      'boolean' is reachable from field 'isRoot' of type 'com.mresearch.databank.shared.CatalogConceptDTO'
      'com.mresearch.databank.shared.CatalogConceptDTO' is reachable as a subtype of type 'class com.mresearch.databank.shared.CatalogConceptDTO'
      Started from 'com.mresearch.databank.shared.CatalogConceptDTO'

com.google.gwt.user.client.rpc.IncompatibleRemoteServiceException
   Serialization status
      Instantiable
   Path
      Started from 'com.google.gwt.user.client.rpc.IncompatibleRemoteServiceException'

com.google.gwt.user.client.rpc.XsrfToken
   Serialization status
      Instantiable
   Path
      Started from 'com.google.gwt.user.client.rpc.XsrfToken'

com.mresearch.databank.shared.CatalogConceptDTO
   Serialization status
      Instantiable
   Path
      Started from 'com.mresearch.databank.shared.CatalogConceptDTO'

int
   Serialization status
      Not serializable
   Path
      'int' is reachable from field 'size' of type 'java.util.ArrayList<E>'
      'java.util.ArrayList<java.lang.Long>' is reachable as a subtype of type 'class java.util.ArrayList<java.lang.Long>'
      Started from 'java.util.ArrayList<java.lang.Long>'

java.lang.Exception
   Serialization status
      Field serializable
   Path
      'java.lang.Exception' is reachable as a supertype of type 'class java.lang.RuntimeException'
      'java.lang.RuntimeException' is reachable as a supertype of type 'class com.google.gwt.user.client.rpc.IncompatibleRemoteServiceException'
      'com.google.gwt.user.client.rpc.IncompatibleRemoteServiceException' is reachable as a subtype of type 'class com.google.gwt.user.client.rpc.IncompatibleRemoteServiceException'
      Started from 'com.google.gwt.user.client.rpc.IncompatibleRemoteServiceException'

java.lang.Long
   Serialization status
      Instantiable
   Path
      'java.lang.Long' is reachable from type argument 0 of type 'java.util.ArrayList<E>'
      'java.util.ArrayList<java.lang.Long>' is reachable as a subtype of type 'class java.util.ArrayList<java.lang.Long>'
      Started from 'java.util.ArrayList<java.lang.Long>'

java.lang.Number
   Serialization status
      Field serializable
   Path
      'java.lang.Number' is reachable as a supertype of type 'class java.lang.Long'
      'java.lang.Long' is reachable as a subtype of type 'class java.lang.Long'
      'java.lang.Long' is reachable from type argument 0 of type 'java.util.ArrayList<E>'
      'java.util.ArrayList<java.lang.Long>' is reachable as a subtype of type 'class java.util.ArrayList<java.lang.Long>'
      Started from 'java.util.ArrayList<java.lang.Long>'

java.lang.RuntimeException
   Serialization status
      Field serializable
   Path
      'java.lang.RuntimeException' is reachable as a supertype of type 'class com.google.gwt.user.client.rpc.IncompatibleRemoteServiceException'
      'com.google.gwt.user.client.rpc.IncompatibleRemoteServiceException' is reachable as a subtype of type 'class com.google.gwt.user.client.rpc.IncompatibleRemoteServiceException'
      Started from 'com.google.gwt.user.client.rpc.IncompatibleRemoteServiceException'

java.lang.String
   Serialization status
      Instantiable
   Path
      Started from 'java.lang.String'

java.lang.Throwable
   Serialization status
      Field serializable
   Path
      'java.lang.Throwable' is reachable as a supertype of type 'class java.lang.Exception'
      'java.lang.Exception' is reachable as a supertype of type 'class java.lang.RuntimeException'
      'java.lang.RuntimeException' is reachable as a supertype of type 'class com.google.gwt.user.client.rpc.IncompatibleRemoteServiceException'
      'com.google.gwt.user.client.rpc.IncompatibleRemoteServiceException' is reachable as a subtype of type 'class com.google.gwt.user.client.rpc.IncompatibleRemoteServiceException'
      Started from 'com.google.gwt.user.client.rpc.IncompatibleRemoteServiceException'

java.util.ArrayList<java.lang.String>
   Serialization status
      Instantiable
   Path
      'java.util.ArrayList<java.lang.String>' is reachable from field 'contents_keys' of type 'com.mresearch.databank.shared.CatalogConceptDTO'
      'com.mresearch.databank.shared.CatalogConceptDTO' is reachable as a subtype of type 'class com.mresearch.databank.shared.CatalogConceptDTO'
      Started from 'com.mresearch.databank.shared.CatalogConceptDTO'

java.util.ArrayList<java.lang.Long>
   Serialization status
      Instantiable
   Path
      Started from 'java.util.ArrayList<java.lang.Long>'

long
   Serialization status
      Not serializable
   Path
      'long' is reachable from field 'super_concept_ID' of type 'com.mresearch.databank.shared.CatalogConceptDTO'
      'com.mresearch.databank.shared.CatalogConceptDTO' is reachable as a subtype of type 'class com.mresearch.databank.shared.CatalogConceptDTO'
      Started from 'com.mresearch.databank.shared.CatalogConceptDTO'

===================================
Types potentially sent from server:
===================================

Reachable types computed on: Thu Jul 12 20:01:09 FET 2012
E
   Serialization status
      Not serializable
   Path
      'E' is reachable from field 'exposeElement' of type 'java.util.ArrayList<E>'
      'java.util.ArrayList<java.lang.Long>' is reachable as a subtype of type 'class java.util.ArrayList<java.lang.Long>'
      Started from 'java.util.ArrayList<java.lang.Long>'

K
   Serialization status
      Not serializable
   Path
      'K' is reachable from field 'exposeKey' of type 'java.util.HashMap<K, V>'
      'java.util.HashMap<java.lang.String, java.lang.String>' is reachable as a subtype of type 'class java.util.HashMap<java.lang.String, java.lang.String>'
      'java.util.HashMap<java.lang.String, java.lang.String>' is reachable from field 'filling' of type 'com.mresearch.databank.shared.VarDTO_Detailed'
      'com.mresearch.databank.shared.VarDTO_Detailed' is reachable as a supertype of type 'class com.mresearch.databank.shared.RealVarDTO_Detailed'
      'com.mresearch.databank.shared.RealVarDTO_Detailed' is reachable as a subtype of type 'class com.mresearch.databank.shared.VarDTO'
      'com.mresearch.databank.shared.VarDTO' is reachable from type argument 0 of type 'java.util.ArrayList<E>'
      'java.util.ArrayList<com.mresearch.databank.shared.VarDTO>' is reachable as a subtype of type 'class java.util.ArrayList<com.mresearch.databank.shared.VarDTO>'
      Started from 'java.util.ArrayList<com.mresearch.databank.shared.VarDTO>'

V
   Serialization status
      Not serializable
   Path
      'V' is reachable from field 'exposeValue' of type 'java.util.HashMap<K, V>'
      'java.util.HashMap<java.lang.String, java.lang.String>' is reachable as a subtype of type 'class java.util.HashMap<java.lang.String, java.lang.String>'
      'java.util.HashMap<java.lang.String, java.lang.String>' is reachable from field 'filling' of type 'com.mresearch.databank.shared.VarDTO_Detailed'
      'com.mresearch.databank.shared.VarDTO_Detailed' is reachable as a supertype of type 'class com.mresearch.databank.shared.RealVarDTO_Detailed'
      'com.mresearch.databank.shared.RealVarDTO_Detailed' is reachable as a subtype of type 'class com.mresearch.databank.shared.VarDTO'
      'com.mresearch.databank.shared.VarDTO' is reachable from type argument 0 of type 'java.util.ArrayList<E>'
      'java.util.ArrayList<com.mresearch.databank.shared.VarDTO>' is reachable as a subtype of type 'class java.util.ArrayList<com.mresearch.databank.shared.VarDTO>'
      Started from 'java.util.ArrayList<com.mresearch.databank.shared.VarDTO>'

boolean
   Serialization status
      Not serializable
   Path
      'boolean' is reachable from field 'isRoot' of type 'com.mresearch.databank.shared.CatalogConceptDTO'
      'com.mresearch.databank.shared.CatalogConceptDTO' is reachable as a subtype of type 'class com.mresearch.databank.shared.CatalogConceptDTO'
      'com.mresearch.databank.shared.CatalogConceptDTO' is reachable from type argument 0 of type 'java.util.ArrayList<E>'
      'java.util.ArrayList<com.mresearch.databank.shared.CatalogConceptDTO>' is reachable as a subtype of type 'class java.util.ArrayList<com.mresearch.databank.shared.CatalogConceptDTO>'
      Started from 'java.util.ArrayList<com.mresearch.databank.shared.CatalogConceptDTO>'

com.google.gwt.user.client.rpc.IncompatibleRemoteServiceException
   Serialization status
      Instantiable
   Path
      Started from 'com.google.gwt.user.client.rpc.IncompatibleRemoteServiceException'

com.google.gwt.user.client.rpc.RpcTokenException
   Serialization status
      Instantiable
   Path
      Started from 'com.google.gwt.user.client.rpc.RpcTokenException'

com.mresearch.databank.shared.CatalogConceptDTO
   Serialization status
      Instantiable
   Path
      'com.mresearch.databank.shared.CatalogConceptDTO' is reachable from type argument 0 of type 'java.util.ArrayList<E>'
      'java.util.ArrayList<com.mresearch.databank.shared.CatalogConceptDTO>' is reachable as a subtype of type 'class java.util.ArrayList<com.mresearch.databank.shared.CatalogConceptDTO>'
      Started from 'java.util.ArrayList<com.mresearch.databank.shared.CatalogConceptDTO>'

com.mresearch.databank.shared.RealVarDTO_Detailed
   Serialization status
      Instantiable
   Path
      'com.mresearch.databank.shared.RealVarDTO_Detailed' is reachable as a subtype of type 'class com.mresearch.databank.shared.VarDTO'
      'com.mresearch.databank.shared.VarDTO' is reachable from type argument 0 of type 'java.util.ArrayList<E>'
      'java.util.ArrayList<com.mresearch.databank.shared.VarDTO>' is reachable as a subtype of type 'class java.util.ArrayList<com.mresearch.databank.shared.VarDTO>'
      Started from 'java.util.ArrayList<com.mresearch.databank.shared.VarDTO>'

com.mresearch.databank.shared.SocioResearchDTO_Light
   Serialization status
      Instantiable
   Path
      'com.mresearch.databank.shared.SocioResearchDTO_Light' is reachable from type argument 0 of type 'java.util.ArrayList<E>'
      'java.util.ArrayList<com.mresearch.databank.shared.SocioResearchDTO_Light>' is reachable as a subtype of type 'class java.util.ArrayList<com.mresearch.databank.shared.SocioResearchDTO_Light>'
      Started from 'java.util.ArrayList<com.mresearch.databank.shared.SocioResearchDTO_Light>'

com.mresearch.databank.shared.TextVarDTO_Detailed
   Serialization status
      Instantiable
   Path
      'com.mresearch.databank.shared.TextVarDTO_Detailed' is reachable as a subtype of type 'class com.mresearch.databank.shared.VarDTO'
      'com.mresearch.databank.shared.VarDTO' is reachable from type argument 0 of type 'java.util.ArrayList<E>'
      'java.util.ArrayList<com.mresearch.databank.shared.VarDTO>' is reachable as a subtype of type 'class java.util.ArrayList<com.mresearch.databank.shared.VarDTO>'
      Started from 'java.util.ArrayList<com.mresearch.databank.shared.VarDTO>'

com.mresearch.databank.shared.VarDTO
   Serialization status
      Instantiable
   Path
      'com.mresearch.databank.shared.VarDTO' is reachable from type argument 0 of type 'java.util.ArrayList<E>'
      'java.util.ArrayList<com.mresearch.databank.shared.VarDTO>' is reachable as a subtype of type 'class java.util.ArrayList<com.mresearch.databank.shared.VarDTO>'
      Started from 'java.util.ArrayList<com.mresearch.databank.shared.VarDTO>'

com.mresearch.databank.shared.VarDTO_Detailed
   Serialization status
      Instantiable
   Path
      'com.mresearch.databank.shared.VarDTO_Detailed' is reachable as a supertype of type 'class com.mresearch.databank.shared.RealVarDTO_Detailed'
      'com.mresearch.databank.shared.RealVarDTO_Detailed' is reachable as a subtype of type 'class com.mresearch.databank.shared.VarDTO'
      'com.mresearch.databank.shared.VarDTO' is reachable from type argument 0 of type 'java.util.ArrayList<E>'
      'java.util.ArrayList<com.mresearch.databank.shared.VarDTO>' is reachable as a subtype of type 'class java.util.ArrayList<com.mresearch.databank.shared.VarDTO>'
      Started from 'java.util.ArrayList<com.mresearch.databank.shared.VarDTO>'

com.mresearch.databank.shared.VarDTO_Light
   Serialization status
      Field serializable
   Path
      'com.mresearch.databank.shared.VarDTO_Light' is reachable as a supertype of type 'class com.mresearch.databank.shared.VarDTO'
      'com.mresearch.databank.shared.VarDTO' is reachable as a subtype of type 'class com.mresearch.databank.shared.VarDTO'
      'com.mresearch.databank.shared.VarDTO' is reachable from type argument 0 of type 'java.util.ArrayList<E>'
      'java.util.ArrayList<com.mresearch.databank.shared.VarDTO>' is reachable as a subtype of type 'class java.util.ArrayList<com.mresearch.databank.shared.VarDTO>'
      Started from 'java.util.ArrayList<com.mresearch.databank.shared.VarDTO>'

double
   Serialization status
      Not serializable
   Path
      'double' is reachable from field 'moda' of type 'com.mresearch.databank.shared.RealVarDTO_Detailed'
      'com.mresearch.databank.shared.RealVarDTO_Detailed' is reachable as a subtype of type 'class com.mresearch.databank.shared.VarDTO'
      'com.mresearch.databank.shared.VarDTO' is reachable from type argument 0 of type 'java.util.ArrayList<E>'
      'java.util.ArrayList<com.mresearch.databank.shared.VarDTO>' is reachable as a subtype of type 'class java.util.ArrayList<com.mresearch.databank.shared.VarDTO>'
      Started from 'java.util.ArrayList<com.mresearch.databank.shared.VarDTO>'

int
   Serialization status
      Not serializable
   Path
      'int' is reachable from field 'size' of type 'java.util.ArrayList<E>'
      'java.util.ArrayList<java.lang.Long>' is reachable as a subtype of type 'class java.util.ArrayList<java.lang.Long>'
      Started from 'java.util.ArrayList<java.lang.Long>'

java.lang.Double
   Serialization status
      Instantiable
   Path
      'java.lang.Double' is reachable from type argument 0 of type 'java.util.ArrayList<E>'
      'java.util.ArrayList<java.lang.Double>' is reachable as a subtype of type 'class java.util.ArrayList<java.lang.Double>'
      'java.util.ArrayList<java.lang.Double>' is reachable from field 'v_label_codes' of type 'com.mresearch.databank.shared.VarDTO'
      'com.mresearch.databank.shared.VarDTO' is reachable as a subtype of type 'class com.mresearch.databank.shared.VarDTO'
      'com.mresearch.databank.shared.VarDTO' is reachable from type argument 0 of type 'java.util.ArrayList<E>'
      'java.util.ArrayList<com.mresearch.databank.shared.VarDTO>' is reachable as a subtype of type 'class java.util.ArrayList<com.mresearch.databank.shared.VarDTO>'
      Started from 'java.util.ArrayList<com.mresearch.databank.shared.VarDTO>'

java.lang.Exception
   Serialization status
      Field serializable
   Path
      'java.lang.Exception' is reachable as a supertype of type 'class java.lang.RuntimeException'
      'java.lang.RuntimeException' is reachable as a supertype of type 'class com.google.gwt.user.client.rpc.IncompatibleRemoteServiceException'
      'com.google.gwt.user.client.rpc.IncompatibleRemoteServiceException' is reachable as a subtype of type 'class com.google.gwt.user.client.rpc.IncompatibleRemoteServiceException'
      Started from 'com.google.gwt.user.client.rpc.IncompatibleRemoteServiceException'

java.lang.Integer
   Serialization status
      Instantiable
   Path
      'java.lang.Integer' is reachable from type argument 0 of type 'java.util.ArrayList<E>'
      'java.util.ArrayList<java.lang.Integer>' is reachable as a subtype of type 'class java.util.ArrayList<java.lang.Integer>'
      'java.util.ArrayList<java.lang.Integer>' is reachable from field 'filtered_indecies' of type 'com.mresearch.databank.shared.VarDTO_Detailed'
      'com.mresearch.databank.shared.VarDTO_Detailed' is reachable as a supertype of type 'class com.mresearch.databank.shared.RealVarDTO_Detailed'
      'com.mresearch.databank.shared.RealVarDTO_Detailed' is reachable as a subtype of type 'class com.mresearch.databank.shared.VarDTO'
      'com.mresearch.databank.shared.VarDTO' is reachable from type argument 0 of type 'java.util.ArrayList<E>'
      'java.util.ArrayList<com.mresearch.databank.shared.VarDTO>' is reachable as a subtype of type 'class java.util.ArrayList<com.mresearch.databank.shared.VarDTO>'
      Started from 'java.util.ArrayList<com.mresearch.databank.shared.VarDTO>'

java.lang.Long
   Serialization status
      Instantiable
   Path
      'java.lang.Long' is reachable from type argument 0 of type 'java.util.ArrayList<E>'
      'java.util.ArrayList<java.lang.Long>' is reachable as a subtype of type 'class java.util.ArrayList<java.lang.Long>'
      Started from 'java.util.ArrayList<java.lang.Long>'

java.lang.Number
   Serialization status
      Field serializable
   Path
      'java.lang.Number' is reachable as a supertype of type 'class java.lang.Long'
      'java.lang.Long' is reachable as a subtype of type 'class java.lang.Long'
      'java.lang.Long' is reachable from type argument 0 of type 'java.util.ArrayList<E>'
      'java.util.ArrayList<java.lang.Long>' is reachable as a subtype of type 'class java.util.ArrayList<java.lang.Long>'
      Started from 'java.util.ArrayList<java.lang.Long>'

java.lang.RuntimeException
   Serialization status
      Field serializable
   Path
      'java.lang.RuntimeException' is reachable as a supertype of type 'class com.google.gwt.user.client.rpc.IncompatibleRemoteServiceException'
      'com.google.gwt.user.client.rpc.IncompatibleRemoteServiceException' is reachable as a subtype of type 'class com.google.gwt.user.client.rpc.IncompatibleRemoteServiceException'
      Started from 'com.google.gwt.user.client.rpc.IncompatibleRemoteServiceException'

java.lang.String
   Serialization status
      Instantiable
   Path
      Started from 'java.lang.String'

java.lang.Throwable
   Serialization status
      Field serializable
   Path
      'java.lang.Throwable' is reachable as a supertype of type 'class java.lang.Exception'
      'java.lang.Exception' is reachable as a supertype of type 'class java.lang.RuntimeException'
      'java.lang.RuntimeException' is reachable as a supertype of type 'class com.google.gwt.user.client.rpc.IncompatibleRemoteServiceException'
      'com.google.gwt.user.client.rpc.IncompatibleRemoteServiceException' is reachable as a subtype of type 'class com.google.gwt.user.client.rpc.IncompatibleRemoteServiceException'
      Started from 'com.google.gwt.user.client.rpc.IncompatibleRemoteServiceException'

java.util.ArrayList<java.lang.Integer>
   Serialization status
      Instantiable
   Path
      'java.util.ArrayList<java.lang.Integer>' is reachable from field 'filtered_indecies' of type 'com.mresearch.databank.shared.VarDTO_Detailed'
      'com.mresearch.databank.shared.VarDTO_Detailed' is reachable as a supertype of type 'class com.mresearch.databank.shared.RealVarDTO_Detailed'
      'com.mresearch.databank.shared.RealVarDTO_Detailed' is reachable as a subtype of type 'class com.mresearch.databank.shared.VarDTO'
      'com.mresearch.databank.shared.VarDTO' is reachable from type argument 0 of type 'java.util.ArrayList<E>'
      'java.util.ArrayList<com.mresearch.databank.shared.VarDTO>' is reachable as a subtype of type 'class java.util.ArrayList<com.mresearch.databank.shared.VarDTO>'
      Started from 'java.util.ArrayList<com.mresearch.databank.shared.VarDTO>'

java.util.ArrayList<com.mresearch.databank.shared.SocioResearchDTO_Light>
   Serialization status
      Instantiable
   Path
      Started from 'java.util.ArrayList<com.mresearch.databank.shared.SocioResearchDTO_Light>'

java.util.ArrayList<java.lang.Double>
   Serialization status
      Instantiable
   Path
      'java.util.ArrayList<java.lang.Double>' is reachable from field 'v_label_codes' of type 'com.mresearch.databank.shared.VarDTO'
      'com.mresearch.databank.shared.VarDTO' is reachable as a subtype of type 'class com.mresearch.databank.shared.VarDTO'
      'com.mresearch.databank.shared.VarDTO' is reachable from type argument 0 of type 'java.util.ArrayList<E>'
      'java.util.ArrayList<com.mresearch.databank.shared.VarDTO>' is reachable as a subtype of type 'class java.util.ArrayList<com.mresearch.databank.shared.VarDTO>'
      Started from 'java.util.ArrayList<com.mresearch.databank.shared.VarDTO>'

java.util.ArrayList<com.mresearch.databank.shared.VarDTO>
   Serialization status
      Instantiable
   Path
      Started from 'java.util.ArrayList<com.mresearch.databank.shared.VarDTO>'

java.util.ArrayList<com.mresearch.databank.shared.CatalogConceptDTO>
   Serialization status
      Instantiable
   Path
      Started from 'java.util.ArrayList<com.mresearch.databank.shared.CatalogConceptDTO>'

java.util.ArrayList<java.lang.String>
   Serialization status
      Instantiable
   Path
      'java.util.ArrayList<java.lang.String>' is reachable from field 'contents_keys' of type 'com.mresearch.databank.shared.CatalogConceptDTO'
      'com.mresearch.databank.shared.CatalogConceptDTO' is reachable as a subtype of type 'class com.mresearch.databank.shared.CatalogConceptDTO'
      'com.mresearch.databank.shared.CatalogConceptDTO' is reachable from type argument 0 of type 'java.util.ArrayList<E>'
      'java.util.ArrayList<com.mresearch.databank.shared.CatalogConceptDTO>' is reachable as a subtype of type 'class java.util.ArrayList<com.mresearch.databank.shared.CatalogConceptDTO>'
      Started from 'java.util.ArrayList<com.mresearch.databank.shared.CatalogConceptDTO>'

java.util.ArrayList<java.lang.Long>
   Serialization status
      Instantiable
   Path
      Started from 'java.util.ArrayList<java.lang.Long>'

java.util.HashMap<java.lang.String, java.lang.String>
   Serialization status
      Instantiable
   Path
      'java.util.HashMap<java.lang.String, java.lang.String>' is reachable from field 'filling' of type 'com.mresearch.databank.shared.VarDTO_Detailed'
      'com.mresearch.databank.shared.VarDTO_Detailed' is reachable as a supertype of type 'class com.mresearch.databank.shared.RealVarDTO_Detailed'
      'com.mresearch.databank.shared.RealVarDTO_Detailed' is reachable as a subtype of type 'class com.mresearch.databank.shared.VarDTO'
      'com.mresearch.databank.shared.VarDTO' is reachable from type argument 0 of type 'java.util.ArrayList<E>'
      'java.util.ArrayList<com.mresearch.databank.shared.VarDTO>' is reachable as a subtype of type 'class java.util.ArrayList<com.mresearch.databank.shared.VarDTO>'
      Started from 'java.util.ArrayList<com.mresearch.databank.shared.VarDTO>'

java.util.LinkedHashMap<java.lang.String, java.lang.String>
   Serialization status
      Instantiable
   Path
      'java.util.LinkedHashMap<java.lang.String, java.lang.String>' is reachable as a subtype of type 'class java.util.HashMap<java.lang.String, java.lang.String>'
      'java.util.HashMap<java.lang.String, java.lang.String>' is reachable from field 'filling' of type 'com.mresearch.databank.shared.VarDTO_Detailed'
      'com.mresearch.databank.shared.VarDTO_Detailed' is reachable as a supertype of type 'class com.mresearch.databank.shared.RealVarDTO_Detailed'
      'com.mresearch.databank.shared.RealVarDTO_Detailed' is reachable as a subtype of type 'class com.mresearch.databank.shared.VarDTO'
      'com.mresearch.databank.shared.VarDTO' is reachable from type argument 0 of type 'java.util.ArrayList<E>'
      'java.util.ArrayList<com.mresearch.databank.shared.VarDTO>' is reachable as a subtype of type 'class java.util.ArrayList<com.mresearch.databank.shared.VarDTO>'
      Started from 'java.util.ArrayList<com.mresearch.databank.shared.VarDTO>'

long
   Serialization status
      Not serializable
   Path
      'long' is reachable from field 'super_concept_ID' of type 'com.mresearch.databank.shared.CatalogConceptDTO'
      'com.mresearch.databank.shared.CatalogConceptDTO' is reachable as a subtype of type 'class com.mresearch.databank.shared.CatalogConceptDTO'
      'com.mresearch.databank.shared.CatalogConceptDTO' is reachable from type argument 0 of type 'java.util.ArrayList<E>'
      'java.util.ArrayList<com.mresearch.databank.shared.CatalogConceptDTO>' is reachable as a subtype of type 'class java.util.ArrayList<com.mresearch.databank.shared.CatalogConceptDTO>'
      Started from 'java.util.ArrayList<com.mresearch.databank.shared.CatalogConceptDTO>'

